2020-09-29T02:11:46.104+0900 [DEBUG] [org.gradle.launcher.daemon.bootstrap.DaemonMain] Assuming the daemon was started with following jvm opts: [--add-opens, java.base/java.util=ALL-UNNAMED, --add-opens, java.base/java.lang=ALL-UNNAMED, --add-opens, java.base/java.lang.invoke=ALL-UNNAMED, --add-opens, java.prefs/java.util.prefs=ALL-UNNAMED, -XX:MaxMetaspaceSize=256m, -XX:+HeapDumpOnOutOfMemoryError, -Xms256m, -Xmx512m, -Dfile.encoding=UTF-8, -Duser.country=JP, -Duser.language=ja, -Duser.variant]
2020-09-29T02:11:46.409+0900 [INFO] [org.gradle.launcher.daemon.server.Daemon] start() called on daemon - DefaultDaemonContext[uid=1f0053b0-5667-4278-81db-595eaa0bbb9e,javaHome=/Applications/Eclipse_2019-12.app/Contents/java/11/Home,daemonRegistryDir=/Users/ydoi/Works/nocox/okaka/one-night-jinroh/gradle/daemon,pid=30782,idleTimeout=10800000,priority=NORMAL,daemonOpts=--add-opens,java.base/java.util=ALL-UNNAMED,--add-opens,java.base/java.lang=ALL-UNNAMED,--add-opens,java.base/java.lang.invoke=ALL-UNNAMED,--add-opens,java.prefs/java.util.prefs=ALL-UNNAMED,-XX:MaxMetaspaceSize=256m,-XX:+HeapDumpOnOutOfMemoryError,-Xms256m,-Xmx512m,-Dfile.encoding=UTF-8,-Duser.country=JP,-Duser.language=ja,-Duser.variant]
2020-09-29T02:11:46.466+0900 [DEBUG] [org.gradle.internal.remote.internal.inet.InetAddresses] Adding IP addresses for network interface utun1
2020-09-29T02:11:46.466+0900 [DEBUG] [org.gradle.internal.remote.internal.inet.InetAddresses] Is this a loopback interface? false
2020-09-29T02:11:46.467+0900 [DEBUG] [org.gradle.internal.remote.internal.inet.InetAddresses] Adding remote address /fe80:0:0:0:12a2:ef0b:8262:bfc8%utun1
2020-09-29T02:11:46.467+0900 [DEBUG] [org.gradle.internal.remote.internal.inet.InetAddresses] Adding IP addresses for network interface utun0
2020-09-29T02:11:46.468+0900 [DEBUG] [org.gradle.internal.remote.internal.inet.InetAddresses] Is this a loopback interface? false
2020-09-29T02:11:46.470+0900 [DEBUG] [org.gradle.internal.remote.internal.inet.InetAddresses] Adding remote address /fe80:0:0:0:413c:5348:9f2c:1d0f%utun0
2020-09-29T02:11:46.471+0900 [DEBUG] [org.gradle.internal.remote.internal.inet.InetAddresses] Adding IP addresses for network interface llw0
2020-09-29T02:11:46.471+0900 [DEBUG] [org.gradle.internal.remote.internal.inet.InetAddresses] Is this a loopback interface? false
2020-09-29T02:11:46.472+0900 [DEBUG] [org.gradle.internal.remote.internal.inet.InetAddresses] Adding remote address /fe80:0:0:0:206b:d6ff:fe8d:4947%llw0
2020-09-29T02:11:46.472+0900 [DEBUG] [org.gradle.internal.remote.internal.inet.InetAddresses] Adding IP addresses for network interface awdl0
2020-09-29T02:11:46.472+0900 [DEBUG] [org.gradle.internal.remote.internal.inet.InetAddresses] Is this a loopback interface? false
2020-09-29T02:11:46.473+0900 [DEBUG] [org.gradle.internal.remote.internal.inet.InetAddresses] Adding remote address /fe80:0:0:0:206b:d6ff:fe8d:4947%awdl0
2020-09-29T02:11:46.473+0900 [DEBUG] [org.gradle.internal.remote.internal.inet.InetAddresses] Adding IP addresses for network interface en0
2020-09-29T02:11:46.473+0900 [DEBUG] [org.gradle.internal.remote.internal.inet.InetAddresses] Is this a loopback interface? false
2020-09-29T02:11:46.474+0900 [DEBUG] [org.gradle.internal.remote.internal.inet.InetAddresses] Adding remote address /fe80:0:0:0:c2:edce:cbd7:4f16%en0
2020-09-29T02:11:46.474+0900 [DEBUG] [org.gradle.internal.remote.internal.inet.InetAddresses] Adding remote address /192.168.0.16
2020-09-29T02:11:46.474+0900 [DEBUG] [org.gradle.internal.remote.internal.inet.InetAddresses] Adding IP addresses for network interface lo0
2020-09-29T02:11:46.474+0900 [DEBUG] [org.gradle.internal.remote.internal.inet.InetAddresses] Is this a loopback interface? true
2020-09-29T02:11:46.475+0900 [DEBUG] [org.gradle.internal.remote.internal.inet.InetAddresses] Ignoring remote address on loopback interface /fe80:0:0:0:0:0:0:1%lo0
2020-09-29T02:11:46.476+0900 [DEBUG] [org.gradle.internal.remote.internal.inet.InetAddresses] Adding loopback address /0:0:0:0:0:0:0:1%lo0
2020-09-29T02:11:46.477+0900 [DEBUG] [org.gradle.internal.remote.internal.inet.InetAddresses] Adding loopback address /127.0.0.1
2020-09-29T02:11:46.483+0900 [DEBUG] [org.gradle.internal.remote.internal.inet.TcpIncomingConnector] Listening on [23abef60-a786-4a63-ae42-aa3272e3ceae port:59151, addresses:[localhost/127.0.0.1]].
2020-09-29T02:11:46.486+0900 [DEBUG] [org.gradle.launcher.daemon.server.Daemon] Daemon starting at: Tue Sep 29 02:11:46 JST 2020, with address: [23abef60-a786-4a63-ae42-aa3272e3ceae port:59151, addresses:[localhost/127.0.0.1]]
2020-09-29T02:11:46.486+0900 [INFO] [org.gradle.launcher.daemon.server.DaemonRegistryUpdater] Advertising the daemon address to the clients: [23abef60-a786-4a63-ae42-aa3272e3ceae port:59151, addresses:[localhost/127.0.0.1]]
2020-09-29T02:11:46.487+0900 [DEBUG] [org.gradle.launcher.daemon.server.DaemonRegistryUpdater] Advertised daemon context: DefaultDaemonContext[uid=1f0053b0-5667-4278-81db-595eaa0bbb9e,javaHome=/Applications/Eclipse_2019-12.app/Contents/java/11/Home,daemonRegistryDir=/Users/ydoi/Works/nocox/okaka/one-night-jinroh/gradle/daemon,pid=30782,idleTimeout=10800000,priority=NORMAL,daemonOpts=--add-opens,java.base/java.util=ALL-UNNAMED,--add-opens,java.base/java.lang=ALL-UNNAMED,--add-opens,java.base/java.lang.invoke=ALL-UNNAMED,--add-opens,java.prefs/java.util.prefs=ALL-UNNAMED,-XX:MaxMetaspaceSize=256m,-XX:+HeapDumpOnOutOfMemoryError,-Xms256m,-Xmx512m,-Dfile.encoding=UTF-8,-Duser.country=JP,-Duser.language=ja,-Duser.variant]
2020-09-29T02:11:46.489+0900 [DEBUG] [org.gradle.launcher.daemon.registry.PersistentDaemonRegistry] Storing daemon address: [23abef60-a786-4a63-ae42-aa3272e3ceae port:59151, addresses:[localhost/127.0.0.1]], context: DefaultDaemonContext[uid=1f0053b0-5667-4278-81db-595eaa0bbb9e,javaHome=/Applications/Eclipse_2019-12.app/Contents/java/11/Home,daemonRegistryDir=/Users/ydoi/Works/nocox/okaka/one-night-jinroh/gradle/daemon,pid=30782,idleTimeout=10800000,priority=NORMAL,daemonOpts=--add-opens,java.base/java.util=ALL-UNNAMED,--add-opens,java.base/java.lang=ALL-UNNAMED,--add-opens,java.base/java.lang.invoke=ALL-UNNAMED,--add-opens,java.prefs/java.util.prefs=ALL-UNNAMED,-XX:MaxMetaspaceSize=256m,-XX:+HeapDumpOnOutOfMemoryError,-Xms256m,-Xmx512m,-Dfile.encoding=UTF-8,-Duser.country=JP,-Duser.language=ja,-Duser.variant]
2020-09-29T02:11:46.502+0900 [DEBUG] [org.gradle.cache.internal.DefaultFileLockManager] Waiting to acquire exclusive lock on daemon addresses registry.
2020-09-29T02:11:46.508+0900 [DEBUG] [org.gradle.cache.internal.DefaultFileLockManager] Lock acquired on daemon addresses registry.
2020-09-29T02:11:46.515+0900 [DEBUG] [org.gradle.cache.internal.DefaultFileLockManager] Releasing lock on daemon addresses registry.
2020-09-29T02:11:46.517+0900 [LIFECYCLE] [org.gradle.launcher.daemon.server.Daemon] Daemon server started.
2020-09-29T02:11:46.520+0900 [DEBUG] [org.gradle.launcher.daemon.bootstrap.DaemonStartupCommunication] Completed writing the daemon greeting. Closing streams...
2020-09-29T02:11:46.529+0900 [DEBUG] [org.gradle.launcher.daemon.server.Daemon] stopOnExpiration() called on daemon
2020-09-29T02:11:46.531+0900 [DEBUG] [org.gradle.launcher.daemon.server.Daemon] awaitExpiration() called on daemon
2020-09-29T02:11:46.532+0900 [DEBUG] [org.gradle.launcher.daemon.server.DaemonStateCoordinator] daemon is running. Sleeping until state changes.
2020-09-29T02:11:46.551+0900 [DEBUG] [org.gradle.internal.remote.internal.inet.TcpIncomingConnector] Accepted connection from /127.0.0.1:59152 to /127.0.0.1:59151.
2020-09-29T02:11:46.896+0900 [DEBUG] [org.gradle.launcher.daemon.server.SynchronizedDispatchConnection] thread 19: received class org.gradle.launcher.daemon.protocol.Build
2020-09-29T02:11:46.897+0900 [DEBUG] [org.gradle.launcher.daemon.server.DefaultDaemonConnection] thread 19: Received non-IO message from client: Build{id=f4d4c5e6-a79f-4f08-93e0-f8737508b325, currentDir=/Applications/Eclipse_2019-12.app/Contents/MacOS}
2020-09-29T02:11:46.897+0900 [INFO] [org.gradle.launcher.daemon.server.DefaultIncomingConnectionHandler] Received command: Build{id=f4d4c5e6-a79f-4f08-93e0-f8737508b325, currentDir=/Applications/Eclipse_2019-12.app/Contents/MacOS}.
2020-09-29T02:11:46.898+0900 [DEBUG] [org.gradle.launcher.daemon.server.DefaultIncomingConnectionHandler] Starting executing command: Build{id=f4d4c5e6-a79f-4f08-93e0-f8737508b325, currentDir=/Applications/Eclipse_2019-12.app/Contents/MacOS} with connection: socket connection from /127.0.0.1:59151 to /127.0.0.1:59152.
2020-09-29T02:11:46.903+0900 [ERROR] [org.gradle.launcher.daemon.server.DaemonStateCoordinator] Command execution: started DaemonCommandExecution[command = Build{id=f4d4c5e6-a79f-4f08-93e0-f8737508b325, currentDir=/Applications/Eclipse_2019-12.app/Contents/MacOS}, connection = DefaultDaemonConnection: socket connection from /127.0.0.1:59151 to /127.0.0.1:59152] after 0.0 minutes of idle
2020-09-29T02:11:46.904+0900 [INFO] [org.gradle.launcher.daemon.server.DaemonRegistryUpdater] Marking the daemon as busy, address: [23abef60-a786-4a63-ae42-aa3272e3ceae port:59151, addresses:[localhost/127.0.0.1]]
2020-09-29T02:11:46.904+0900 [DEBUG] [org.gradle.launcher.daemon.registry.PersistentDaemonRegistry] Marking busy by address: [23abef60-a786-4a63-ae42-aa3272e3ceae port:59151, addresses:[localhost/127.0.0.1]]
2020-09-29T02:11:46.905+0900 [DEBUG] [org.gradle.cache.internal.DefaultFileLockManager] Waiting to acquire exclusive lock on daemon addresses registry.
2020-09-29T02:11:46.906+0900 [DEBUG] [org.gradle.cache.internal.DefaultFileLockManager] Lock acquired on daemon addresses registry.
2020-09-29T02:11:46.907+0900 [DEBUG] [org.gradle.cache.internal.DefaultFileLockManager] Releasing lock on daemon addresses registry.
2020-09-29T02:11:46.908+0900 [DEBUG] [org.gradle.launcher.daemon.server.DaemonStateCoordinator] resetting idle timer
2020-09-29T02:11:46.908+0900 [DEBUG] [org.gradle.launcher.daemon.server.DaemonStateCoordinator] daemon is running. Sleeping until state changes.
2020-09-29T02:11:46.909+0900 [INFO] [org.gradle.launcher.daemon.server.exec.StartBuildOrRespondWithBusy] Daemon is about to start building Build{id=f4d4c5e6-a79f-4f08-93e0-f8737508b325, currentDir=/Applications/Eclipse_2019-12.app/Contents/MacOS}. Dispatching build started information...
2020-09-29T02:11:46.910+0900 [DEBUG] [org.gradle.launcher.daemon.server.SynchronizedDispatchConnection] thread 21: dispatching org.gradle.launcher.daemon.protocol.BuildStarted@32f0f5f8
2020-09-29T02:11:46.914+0900 [DEBUG] [org.gradle.launcher.daemon.server.exec.EstablishBuildEnvironment] Configuring env variables: {PATH=/usr/bin:/bin:/usr/sbin:/sbin, SHELL=/bin/zsh, APP_ICON_21725=../Resources/Eclipse.icns, USER=ydoi, TMPDIR=/var/folders/7k/kcqm94nd1579qbtcz5hlnskw0000gn/T/, JAVA_STARTED_ON_FIRST_THREAD_21725=1, SSH_AUTH_SOCK=/private/tmp/com.apple.launchd.7PJUzWz3XW/Listeners, XPC_FLAGS=0x0, __CF_USER_TEXT_ENCODING=0x1F5:0x1:0xE, LOGNAME=ydoi, XPC_SERVICE_NAME=org.eclipse.platform.ide.14360, HOME=/Users/ydoi}
2020-09-29T02:11:46.924+0900 [DEBUG] [org.gradle.launcher.daemon.server.exec.LogToClient] About to start relaying all logs to the client via the connection.
2020-09-29T02:11:46.925+0900 [INFO] [org.gradle.launcher.daemon.server.exec.LogToClient] The client will now receive all logging from the daemon (pid: 30782). The daemon log file: /Users/ydoi/Works/nocox/okaka/one-night-jinroh/gradle/daemon/6.6.1/daemon-30782.out.log
2020-09-29T02:11:46.928+0900 [INFO] [org.gradle.launcher.daemon.server.exec.LogAndCheckHealth] Starting build in new daemon [memory: 536.9 MB]
2020-09-29T02:11:46.947+0900 [DEBUG] [org.gradle.launcher.daemon.server.exec.ExecuteBuild] The daemon has started executing the build.
2020-09-29T02:11:46.948+0900 [DEBUG] [org.gradle.launcher.daemon.server.exec.ExecuteBuild] Executing build with daemon context: DefaultDaemonContext[uid=1f0053b0-5667-4278-81db-595eaa0bbb9e,javaHome=/Applications/Eclipse_2019-12.app/Contents/java/11/Home,daemonRegistryDir=/Users/ydoi/Works/nocox/okaka/one-night-jinroh/gradle/daemon,pid=30782,idleTimeout=10800000,priority=NORMAL,daemonOpts=--add-opens,java.base/java.util=ALL-UNNAMED,--add-opens,java.base/java.lang=ALL-UNNAMED,--add-opens,java.base/java.lang.invoke=ALL-UNNAMED,--add-opens,java.prefs/java.util.prefs=ALL-UNNAMED,-XX:MaxMetaspaceSize=256m,-XX:+HeapDumpOnOutOfMemoryError,-Xms256m,-Xmx512m,-Dfile.encoding=UTF-8,-Duser.country=JP,-Duser.language=ja,-Duser.variant]
thread 19: client disconnection detected, canceling the build
Unable to execute command Build{id=f4d4c5e6-a79f-4f08-93e0-f8737508b325, currentDir=/Applications/Eclipse_2019-12.app/Contents/MacOS} from socket connection from /127.0.0.1:59151 to /127.0.0.1:59152. Dispatching the failure to the daemon client
org.gradle.internal.remote.internal.MessageIOException: Could not write message Failure[value=org.gradle.launcher.daemon.server.api.DaemonStoppedException: Gradle build daemon has been stopped: cancel requested but timed out] to '/127.0.0.1:59152'.
	at org.gradle.internal.remote.internal.inet.SocketConnection.dispatch(SocketConnection.java:130)
	at org.gradle.launcher.daemon.server.SynchronizedDispatchConnection.dispatch(SynchronizedDispatchConnection.java:52)
	at org.gradle.launcher.daemon.server.DefaultDaemonConnection.completed(DefaultDaemonConnection.java:145)
	at org.gradle.launcher.daemon.server.exec.StartBuildOrRespondWithBusy.doBuild(StartBuildOrRespondWithBusy.java:61)
	at org.gradle.launcher.daemon.server.exec.BuildCommandOnly.execute(BuildCommandOnly.java:37)
	at org.gradle.launcher.daemon.server.api.DaemonCommandExecution.proceed(DaemonCommandExecution.java:104)
	at org.gradle.launcher.daemon.server.exec.ReturnResult.execute(ReturnResult.java:36)
	at org.gradle.launcher.daemon.server.api.DaemonCommandExecution.proceed(DaemonCommandExecution.java:104)
	at org.gradle.launcher.daemon.server.api.HandleReportStatus.execute(HandleReportStatus.java:33)
	at org.gradle.launcher.daemon.server.api.DaemonCommandExecution.proceed(DaemonCommandExecution.java:104)
	at org.gradle.launcher.daemon.server.exec.HandleCancel.execute(HandleCancel.java:39)
	at org.gradle.launcher.daemon.server.api.DaemonCommandExecution.proceed(DaemonCommandExecution.java:104)
	at org.gradle.launcher.daemon.server.api.HandleInvalidateVirtualFileSystem.execute(HandleInvalidateVirtualFileSystem.java:46)
	at org.gradle.launcher.daemon.server.api.DaemonCommandExecution.proceed(DaemonCommandExecution.java:104)
	at org.gradle.launcher.daemon.server.api.HandleStop.execute(HandleStop.java:45)
	at org.gradle.launcher.daemon.server.api.DaemonCommandExecution.proceed(DaemonCommandExecution.java:104)
	at org.gradle.launcher.daemon.server.exec.DaemonCommandExecuter.executeCommand(DaemonCommandExecuter.java:55)
	at org.gradle.launcher.daemon.server.DefaultIncomingConnectionHandler$ConnectionWorker.handleCommand(DefaultIncomingConnectionHandler.java:163)
	at org.gradle.launcher.daemon.server.DefaultIncomingConnectionHandler$ConnectionWorker.receiveAndHandleCommand(DefaultIncomingConnectionHandler.java:136)
	at org.gradle.launcher.daemon.server.DefaultIncomingConnectionHandler$ConnectionWorker.run(DefaultIncomingConnectionHandler.java:124)
	at org.gradle.internal.concurrent.ExecutorPolicy$CatchAndRecordFailures.onExecute(ExecutorPolicy.java:64)
	at org.gradle.internal.concurrent.ManagedExecutorImpl$1.run(ManagedExecutorImpl.java:48)
	at java.base/java.util.concurrent.ThreadPoolExecutor.runWorker(ThreadPoolExecutor.java:1128)
	at java.base/java.util.concurrent.ThreadPoolExecutor$Worker.run(ThreadPoolExecutor.java:628)
	at org.gradle.internal.concurrent.ThreadFactoryImpl$ManagedThreadRunnable.run(ThreadFactoryImpl.java:56)
	at java.base/java.lang.Thread.run(Thread.java:834)
Caused by: com.esotericsoftware.kryo.KryoException: java.io.IOException: Broken pipe
	at com.esotericsoftware.kryo.io.Output.flush(Output.java:165)
	at com.esotericsoftware.kryo.io.Output.require(Output.java:142)
	at com.esotericsoftware.kryo.io.Output.writeBytes(Output.java:228)
	at org.gradle.internal.serialize.kryo.KryoBackedEncoder.writeBytes(KryoBackedEncoder.java:48)
	at org.gradle.internal.serialize.AbstractEncoder$EncoderStream.write(AbstractEncoder.java:93)
	at java.base/java.io.ObjectOutputStream$BlockDataOutputStream.drain(ObjectOutputStream.java:1883)
	at java.base/java.io.ObjectOutputStream$BlockDataOutputStream.flush(ObjectOutputStream.java:1828)
	at java.base/java.io.ObjectOutputStream.flush(ObjectOutputStream.java:722)
	at org.gradle.internal.serialize.Message.send(Message.java:38)
	at org.gradle.internal.serialize.BaseSerializerFactory$ThrowableSerializer.write(BaseSerializerFactory.java:321)
	at org.gradle.internal.serialize.BaseSerializerFactory$ThrowableSerializer.write(BaseSerializerFactory.java:313)
	at org.gradle.launcher.daemon.protocol.DaemonMessageSerializer$FailureSerializer.write(DaemonMessageSerializer.java:183)
	at org.gradle.launcher.daemon.protocol.DaemonMessageSerializer$FailureSerializer.write(DaemonMessageSerializer.java:174)
	at org.gradle.internal.serialize.DefaultSerializerRegistry$TaggedTypeSerializer.write(DefaultSerializerRegistry.java:154)
	at org.gradle.internal.serialize.Serializers$StatefulSerializerAdapter$2.write(Serializers.java:46)
	at org.gradle.internal.remote.internal.inet.SocketConnection.dispatch(SocketConnection.java:122)
	... 25 more
Caused by: java.io.IOException: Broken pipe
	at java.base/sun.nio.ch.FileDispatcherImpl.write0(Native Method)
	at java.base/sun.nio.ch.SocketDispatcher.write(SocketDispatcher.java:47)
	at java.base/sun.nio.ch.IOUtil.writeFromNativeBuffer(IOUtil.java:113)
	at java.base/sun.nio.ch.IOUtil.write(IOUtil.java:58)
	at java.base/sun.nio.ch.IOUtil.write(IOUtil.java:50)
	at java.base/sun.nio.ch.SocketChannelImpl.write(SocketChannelImpl.java:466)
	at org.gradle.internal.remote.internal.inet.SocketConnection$SocketOutputStream.writeWithNonBlockingRetry(SocketConnection.java:279)
	at org.gradle.internal.remote.internal.inet.SocketConnection$SocketOutputStream.writeBufferToChannel(SocketConnection.java:267)
	at org.gradle.internal.remote.internal.inet.SocketConnection$SocketOutputStream.write(SocketConnection.java:253)
	at com.esotericsoftware.kryo.io.Output.flush(Output.java:163)
	... 40 more
Daemon vm is shutting down... The daemon has exited normally or was terminated in response to a userEntity interrupt.
